
Showing logs for build [32mvpsgetcom-aspnet-app-master-rel-tgdzr-4[0m stage [32mfrom-build-pack[0m and container [32mstep-credential-initializer-wgkbk[0m
{"level":"warn","ts":1585747795.096398,"logger":"fallback-logger","caller":"logging/config.go:69","msg":"Fetch GitHub commit ID from kodata failed: \"ref: refs/heads/0.8.0-**-support-backwards-incompats\" is not a valid GitHub commit ID"}
{"level":"info","ts":1585747795.0966313,"logger":"fallback-logger","caller":"creds-init/main.go:40","msg":"Credentials initialized."}

Showing logs for build [32mvpsgetcom-aspnet-app-master-rel-tgdzr-4[0m stage [32mfrom-build-pack[0m and container [32mstep-working-dir-initializer-ltzp9[0m
{"level":"warn","ts":1585747796.5691526,"logger":"fallback-logger","caller":"logging/config.go:69","msg":"Fetch GitHub commit ID from kodata failed: open /var/run/ko/HEAD: no such file or directory"}
{"level":"info","ts":1585747796.5714228,"logger":"fallback-logger","caller":"bash/main.go:64","msg":"Successfully executed command \"sh -c mkdir -p /workspace/source\"; output "}

Showing logs for build [32mvpsgetcom-aspnet-app-master-rel-tgdzr-4[0m stage [32mfrom-build-pack[0m and container [32mstep-place-tools[0m

Showing logs for build [32mvpsgetcom-aspnet-app-master-rel-tgdzr-4[0m stage [32mfrom-build-pack[0m and container [32mstep-git-source-vpsgetcom-aspnet-app-master-rel-tgdzr-9fsqf[0m
{"level":"warn","ts":1585747803.3956945,"logger":"fallback-logger","caller":"logging/config.go:69","msg":"Fetch GitHub commit ID from kodata failed: \"ref: refs/heads/0.8.0-**-support-backwards-incompats\" is not a valid GitHub commit ID"}
{"level":"info","ts":1585747804.1673367,"logger":"fallback-logger","caller":"git/git.go:103","msg":"Successfully cloned https://github.com/******com/aspnet-app.git @ v0.0.10 in path /workspace/source"}

Showing logs for build [32mvpsgetcom-aspnet-app-master-rel-tgdzr-4[0m stage [32mfrom-build-pack[0m and container [32mstep-git-merge[0m
Using SHAs from PULL_REFS=master:92fb7a5d9f7739319f28a16393e2becf05fe890d
WARNING: no SHAs to merge, falling back to initial cloned commit

Showing logs for build [32mvpsgetcom-aspnet-app-master-rel-tgdzr-4[0m stage [32mfrom-build-pack[0m and container [32mstep-setup-jx-git-credentials[0m
Generated Git credentials file /workspace/xdg_config/git/credentials

Showing logs for build [32mvpsgetcom-aspnet-app-master-rel-tgdzr-4[0m stage [32mfrom-build-pack[0m and container [32mstep-build-container-build[0m
[36mINFO[0m[0000] Downloading base image mcr.microsoft.com/dotnet/core/sdk:2.2 
[36mINFO[0m[0000] Error while retrieving image from cache: getting file info: stat /workspace/sha256:db9b38d066fdbdd5ac5ce862076c27e4ae17f2b57cbacd03bdc3b24e06696ae8: no such file or directory 
[36mINFO[0m[0000] Downloading base image mcr.microsoft.com/dotnet/core/sdk:2.2 
[36mINFO[0m[0001] Using files from context: [/workspace/source] 
[36mINFO[0m[0001] Checking for cached layer 660914637642.dkr.ecr.us-west-2.amazonaws.com/todo/cache:ec6b387385ba9f4f52a10ee33d30e7f1298bce0ab97bf0d6c907722e0b1159d7... 
[36mINFO[0m[0001] No cached layer found for cmd RUN dotnet restore 
[36mINFO[0m[0001] Unpacking rootfs as cmd RUN dotnet restore requires it. 
[36mINFO[0m[0064] Taking snapshot of full filesystem...        
[36mINFO[0m[0082] Using files from context: [/workspace/source] 
[36mINFO[0m[0082] COPY . .                                     
[36mINFO[0m[0082] Taking snapshot of files...                  
[36mINFO[0m[0083] WORKDIR /src                                 
[36mINFO[0m[0083] cmd: workdir                                 
[36mINFO[0m[0083] Changed working directory to /src            
[36mINFO[0m[0083] No files changed in this command, skipping snapshotting. 
[36mINFO[0m[0083] RUN dotnet restore                           
[36mINFO[0m[0083] cmd: /bin/sh                                 
[36mINFO[0m[0083] args: [-c dotnet restore]                    
  Restore completed in 13.3 sec for /src/aspnetapp-testing/aspnetapp-testing.csproj.
  Restore completed in 1.41 sec for /src/aspnetapp/aspnetapp.csproj.
  Restore completed in 10.12 sec for /src/aspnetapp/aspnetapp.csproj.
[36mINFO[0m[0111] Taking snapshot of full filesystem...        
[36mINFO[0m[0144] Pushing layer 660914637642.dkr.ecr.us-west-2.amazonaws.com/todo/cache:ec6b387385ba9f4f52a10ee33d30e7f1298bce0ab97bf0d6c907722e0b1159d7 to cache now 
[36mINFO[0m[0144] RUN dotnet publish aspnetapp/aspnetapp.csproj -c Release -o /app 
[36mINFO[0m[0144] cmd: /bin/sh                                 
[36mINFO[0m[0144] args: [-c dotnet publish aspnetapp/aspnetapp.csproj -c Release -o /app] 
Microsoft (R) Build Engine version 16.0.450+ga8dc7f1d34 for .NET Core
Copyright (C) Microsoft Corporation. All rights reserved.

  Restore completed in 100.83 ms for /src/aspnetapp/aspnetapp.csproj.
  Restore completed in 15.82 ms for /src/aspnetapp/aspnetapp.csproj.
  aspnetapp -> /src/aspnetapp/bin/Release/netcoreapp2.2/aspnetapp.dll
  aspnetapp -> /src/aspnetapp/bin/Release/netcoreapp2.2/aspnetapp.Views.dll
  aspnetapp -> /app/
[36mINFO[0m[0163] Taking snapshot of full filesystem...        
[36mINFO[0m[0181] ignoring socket CoreFxPipe_root.F.mBSPmB68F+, not adding to tar 
[36mINFO[0m[0181] ignoring socket CoreFxPipe_root.hmO7SWqwEv4UbpiDCHUUDAaJc, not adding to tar 
[36mINFO[0m[0182] RUN dotnet test --logger "trx;LogFileName=./aspnetapp.trx" 
[36mINFO[0m[0182] cmd: /bin/sh                                 
[36mINFO[0m[0182] args: [-c dotnet test --logger "trx;LogFileName=./aspnetapp.trx"] 
[36mINFO[0m[0182] Pushing layer 660914637642.dkr.ecr.us-west-2.amazonaws.com/todo/cache:4616f6ef30283e7c7b7c3cf8dd58d5daf88d1ee5efba6a738353046ac07fa320 to cache now 
Test run for /src/aspnetapp-testing/bin/Debug/netcoreapp2.2/aspnetapp-testing.dll(.NETCoreApp,Version=v2.2)
Microsoft (R) Test Execution Command Line Tool Version 16.0.1
Copyright (c) Microsoft Corporation.  All rights reserved.

Starting test execution, please wait...
Results File: /src/aspnetapp-testing/TestResults/./aspnetapp_2020-04-01_13-33-22-517.trx

Total tests: 1. Passed: 1. Failed: 0. Skipped: 0.
Test Run Successful.
Test execution time: 3.9146 Seconds
[36mINFO[0m[0195] Taking snapshot of full filesystem...        
[36mINFO[0m[0196] Adding whiteout for /tmp/VBCSCompiler/AnalyzerAssemblyLoader/2d7f3e0a324f4bd59a168a7880d5df58 
[36mINFO[0m[0196] Adding whiteout for /tmp/.dotnet/shm/session1/2d7f3e0a324f4bd59a168a7880d5df58 
[36mINFO[0m[0214] ignoring socket CoreFxPipe_root.F.mBSPmB68F+, not adding to tar 
[36mINFO[0m[0214] Pushing layer 660914637642.dkr.ecr.us-west-2.amazonaws.com/todo/cache:b49d1765341d370d1fbc8b62d2ce0b294f99b16983b8dd3e63597729c8bf6f37 to cache now 
[33mWARN[0m[0214] error uploading layer to cache: failed to push to destination 660914637642.dkr.ecr.us-west-2.amazonaws.com/todo/cache:ec6b387385ba9f4f52a10ee33d30e7f1298bce0ab97bf0d6c907722e0b1159d7: NAME_UNKNOWN: The repository with name 'todo/cache' does not exist in the registry with id '660914637642' 
[36mINFO[0m[0214] Storing source image from stage 0 at path /kaniko/stages/0 
[36mINFO[0m[0280] Deleting filesystem...                       
[36mINFO[0m[0283] Downloading base image mcr.microsoft.com/dotnet/core/aspnet:2.2 
[36mINFO[0m[0284] Error while retrieving image from cache: getting file info: stat /workspace/sha256:ae9a94a778b4c4656f036e1dd858d6c972f6ad4423bdf9c5022e16f28fee5cf9: no such file or directory 
[36mINFO[0m[0284] Downloading base image mcr.microsoft.com/dotnet/core/aspnet:2.2 
[36mINFO[0m[0284] Skipping unpacking as no commands require it. 
[36mINFO[0m[0284] Taking snapshot of full filesystem...        
[36mINFO[0m[0284] COPY --from=builder /app .                   
[36mINFO[0m[0284] Taking snapshot of files...                  
[36mINFO[0m[0284] ENTRYPOINT ["dotnet", "aspnetapp.dll"]       
[36mINFO[0m[0284] No files changed in this command, skipping snapshotting. 
2020/04/01 13:34:51 existing blob: sha256:970251047358aea56ba6db6975b14ff12470b75de0c2477f4445240ddd727fd4
2020/04/01 13:34:51 existing blob: sha256:f3d4c41a4fd13f35c0b46f19a4e27845f4695163cc7174d908ff84836bbc2f5a
2020/04/01 13:34:51 existing blob: sha256:804555ee037604c40de144f9f8da0d826d38db82f15d74cded32790fe279a8f6
2020/04/01 13:34:51 existing blob: sha256:bd391c46585f9f8d84992bbaa9087189148c1601968eaaf097d5b3ed60840e5e
2020/04/01 13:34:52 pushed blob: sha256:26750d2e96a0d6e66142390a3162afd19c1be25a70ae3445266e66d734a67c37
2020/04/01 13:34:52 pushed blob: sha256:11352a1dd58d7c2f3bcd29254d282dbda6e64c39a0a4bcb3eeb46dfdb7725824
2020/04/01 13:34:52 660914637642.dkr.ecr.us-west-2.amazonaws.com/******com/aspnet-app:0.0.10: digest: sha256:fdf2e4b20848808ffefc8ff55c0632da4b01ea94e99c31a988c2e18cae555933 size: 1086

Showing logs for build [32mvpsgetcom-aspnet-app-master-rel-tgdzr-4[0m stage [32mfrom-build-pack[0m and container [32mstep-build-post-build[0m
no CVE provider running in the current ** namespace so skip adding image to be analysed

Showing logs for build [32mvpsgetcom-aspnet-app-master-rel-tgdzr-4[0m stage [32mfrom-build-pack[0m and container [32mstep-promote-changelog[0m
Converted /workspace/source/charts/aspnet-app to an unshallow repository
Generating change log from git ref e6e5754b33c6af709ea83543414cb40ee02eb165 => cbdf095cbec764f09a1ee58161535867b13987ef
WARNING: No release found for ******com/aspnet-app and tag v0.0.10 so creating a new release
Updated the release information at https://github.com/******com/aspnet-app/releases/tag/v0.0.10
generated: /workspace/source/charts/aspnet-app/templates/release.yaml
Created Release aspnet-app-0-0-10 resource in namespace **
Updating PipelineActivity ******com-aspnet-app-master-4 with version 0.0.10
Updated PipelineActivities ******com-aspnet-app-master-4 with release notes URL: https://github.com/******com/aspnet-app/releases/tag/v0.0.10

Showing logs for build [32mvpsgetcom-aspnet-app-master-rel-tgdzr-4[0m stage [32mfrom-build-pack[0m and container [32mstep-promote-helm-release[0m
Adding missing Helm repo: storage.googleapis.com https://storage.googleapis.com/chartmuseum.jenkins-x.io
Successfully added Helm repository storage.googleapis.com.
Adding missing Helm repo: chartmuseum.**.35.164.163.141.nip.io http://chartmuseum.**.35.164.163.141.nip.io
Successfully added Helm repository chartmuseum.**.35.164.163.141.nip.io.
Uploading chart file aspnet-app-0.0.10.tgz to http://chartmuseum.**.35.164.163.141.nip.io/api/charts
Received 401 response: {"error":"unauthorized"}
error: Failed to post chart to http://chartmuseum.**.35.164.163.141.nip.io/api/charts due to response 401: {"error":"unauthorized"}
[31m
Pipeline failed on stage 'from-build-pack' : container 'step-promote-helm-release'. The execution of the pipeline has stopped.[0m
