
Showing logs for build [32mvpsgetcom-aspnet-app-master-vd8hk-7[0m stage [32mfrom-build-pack[0m and container [32mstep-credential-initializer-m5qlj[0m
{"level":"warn","ts":1588706377.321101,"logger":"fallback-logger","caller":"logging/config.go:69","msg":"Fetch GitHub commit ID from kodata failed: \"ref: refs/heads/0.8.0-**-support-backwards-incompats\" is not a valid GitHub commit ID"}
{"level":"info","ts":1588706377.3212624,"logger":"fallback-logger","caller":"creds-init/main.go:40","msg":"Credentials initialized."}

Showing logs for build [32mvpsgetcom-aspnet-app-master-vd8hk-7[0m stage [32mfrom-build-pack[0m and container [32mstep-working-dir-initializer-w2284[0m
{"level":"warn","ts":1588706378.3404472,"logger":"fallback-logger","caller":"logging/config.go:69","msg":"Fetch GitHub commit ID from kodata failed: open /var/run/ko/HEAD: no such file or directory"}
{"level":"info","ts":1588706378.341038,"logger":"fallback-logger","caller":"bash/main.go:64","msg":"Successfully executed command \"sh -c mkdir -p /workspace/source\"; output "}

Showing logs for build [32mvpsgetcom-aspnet-app-master-vd8hk-7[0m stage [32mfrom-build-pack[0m and container [32mstep-place-tools[0m

Showing logs for build [32mvpsgetcom-aspnet-app-master-vd8hk-7[0m stage [32mfrom-build-pack[0m and container [32mstep-git-source-vpsgetcom-aspnet-app-master-vd8hk-4b8w9[0m
{"level":"warn","ts":1588706382.3877394,"logger":"fallback-logger","caller":"logging/config.go:69","msg":"Fetch GitHub commit ID from kodata failed: \"ref: refs/heads/0.8.0-**-support-backwards-incompats\" is not a valid GitHub commit ID"}
{"level":"info","ts":1588706384.1222737,"logger":"fallback-logger","caller":"git/git.go:103","msg":"Successfully cloned https://github.com/vpsgetcom/aspnet-app.git @ v0.0.20 in path /workspace/source"}

Showing logs for build [32mvpsgetcom-aspnet-app-master-vd8hk-7[0m stage [32mfrom-build-pack[0m and container [32mstep-git-merge[0m
Using SHAs from PULL_REFS=master:ac05fe1e5237aeda0ef9a11264c65dd2dd261145
WARNING: no SHAs to merge, falling back to initial cloned commit

Showing logs for build [32mvpsgetcom-aspnet-app-master-vd8hk-7[0m stage [32mfrom-build-pack[0m and container [32mstep-setup-jx-git-credentials[0m
Generated Git credentials file /workspace/xdg_config/git/credentials

Showing logs for build [32mvpsgetcom-aspnet-app-master-vd8hk-7[0m stage [32mfrom-build-pack[0m and container [32mstep-build-container-build[0m
[36mINFO[0m[0000] Downloading base image mcr.microsoft.com/dotnet/core/sdk:2.2 
2020/05/05 19:19:44 No matching credentials were found, falling back on anonymous
[36mINFO[0m[0000] Error while retrieving image from cache: getting file info: stat /workspace/sha256:db9b38d066fdbdd5ac5ce862076c27e4ae17f2b57cbacd03bdc3b24e06696ae8: no such file or directory 
[36mINFO[0m[0000] Downloading base image mcr.microsoft.com/dotnet/core/sdk:2.2 
2020/05/05 19:19:45 No matching credentials were found, falling back on anonymous
[36mINFO[0m[0000] Using files from context: [/workspace/source] 
[36mINFO[0m[0000] Checking for cached layer 10.111.50.107:5000/todo/cache:ca8916bd463682f2041bf7746d39b480ddfa0c7e15a1bd30d1070111a0e4d21f... 
2020/05/05 19:19:45 No matching credentials were found, falling back on anonymous
[36mINFO[0m[0000] No cached layer found for cmd RUN dotnet restore 
[36mINFO[0m[0000] Unpacking rootfs as cmd RUN dotnet restore requires it. 
[36mINFO[0m[0040] Taking snapshot of full filesystem...        
[36mINFO[0m[0052] Using files from context: [/workspace/source] 
[36mINFO[0m[0052] COPY . .                                     
[36mINFO[0m[0052] Taking snapshot of files...                  
[36mINFO[0m[0053] WORKDIR /src                                 
[36mINFO[0m[0053] cmd: workdir                                 
[36mINFO[0m[0053] Changed working directory to /src            
[36mINFO[0m[0053] No files changed in this command, skipping snapshotting. 
[36mINFO[0m[0053] RUN dotnet restore                           
[36mINFO[0m[0053] cmd: /bin/sh                                 
[36mINFO[0m[0053] args: [-c dotnet restore]                    
  Restore completed in 10.1 sec for /src/aspnetapp-testing/aspnetapp-testing.csproj.
  Restore completed in 974.37 ms for /src/aspnetapp/aspnetapp.csproj.
  Restore completed in 12.7 sec for /src/aspnetapp/aspnetapp.csproj.
[36mINFO[0m[0079] Taking snapshot of full filesystem...        
[36mINFO[0m[0099] Pushing layer 10.111.50.107:5000/todo/cache:ca8916bd463682f2041bf7746d39b480ddfa0c7e15a1bd30d1070111a0e4d21f to cache now 
2020/05/05 19:21:24 pushed blob: sha256:d8498764415f8759552cef8803c71031863cdd38f70428a624de440b6b0a392e
[36mINFO[0m[0099] RUN dotnet publish aspnetapp/aspnetapp.csproj -c Release -o /app 
[36mINFO[0m[0099] cmd: /bin/sh                                 
[36mINFO[0m[0099] args: [-c dotnet publish aspnetapp/aspnetapp.csproj -c Release -o /app] 
Microsoft (R) Build Engine version 16.0.450+ga8dc7f1d34 for .NET Core
Copyright (C) Microsoft Corporation. All rights reserved.

  Restore completed in 211.23 ms for /src/aspnetapp/aspnetapp.csproj.
  Restore completed in 7.85 ms for /src/aspnetapp/aspnetapp.csproj.
2020/05/05 19:21:33 pushed blob: sha256:86dd528899dffe5da0aa988d143923dc6c91540950fe6d550d5e7e858c910387
2020/05/05 19:21:33 10.111.50.107:5000/todo/cache:ca8916bd463682f2041bf7746d39b480ddfa0c7e15a1bd30d1070111a0e4d21f: digest: sha256:6e67b0bcf2467970030c9c5a359591e262cce8e2564ba26adb881a19cb106469 size: 429
  aspnetapp -> /src/aspnetapp/bin/Release/netcoreapp2.2/aspnetapp.dll
  aspnetapp -> /src/aspnetapp/bin/Release/netcoreapp2.2/aspnetapp.Views.dll
  aspnetapp -> /app/
[36mINFO[0m[0115] Taking snapshot of full filesystem...        
[36mINFO[0m[0127] ignoring socket CoreFxPipe_root.hmO7SWqwEv4UbpiDCHUUDAaJc, not adding to tar 
[36mINFO[0m[0127] ignoring socket CoreFxPipe_root.F.mBSPmB68F+, not adding to tar 
[36mINFO[0m[0127] Pushing layer 10.111.50.107:5000/todo/cache:e451ee080ab7ea7ee2174261cfd8b889aea06c14a6b8e41bde75be054d9099a6 to cache now 
2020/05/05 19:21:52 pushed blob: sha256:1974b607d3a19e58e38d3043e57a85766487b5ffa4f5c439e3903c3678faa3c4
[36mINFO[0m[0127] RUN dotnet test --logger "trx;LogFileName=./aspnetapp.trx" 
[36mINFO[0m[0127] cmd: /bin/sh                                 
[36mINFO[0m[0127] args: [-c dotnet test --logger "trx;LogFileName=./aspnetapp.trx"] 
2020/05/05 19:21:53 pushed blob: sha256:fc7ba46cdcac91ab4d091c1cd8e473fa1ad00ce428b64619d4788c5dfcb8b13d
2020/05/05 19:21:53 10.111.50.107:5000/todo/cache:e451ee080ab7ea7ee2174261cfd8b889aea06c14a6b8e41bde75be054d9099a6: digest: sha256:0ad963b96f4598ca0a680682af980d68222741d0119c35b888b84d28944c1d17 size: 428
Test run for /src/aspnetapp-testing/bin/Debug/netcoreapp2.2/aspnetapp-testing.dll(.NETCoreApp,Version=v2.2)
Microsoft (R) Test Execution Command Line Tool Version 16.0.1
Copyright (c) Microsoft Corporation.  All rights reserved.

Starting test execution, please wait...
Results File: /src/aspnetapp-testing/TestResults/./aspnetapp_2020-05-05_19-22-02-066.trx

Total tests: 1. Passed: 1. Failed: 0. Skipped: 0.
Test Run Successful.
Test execution time: 3.2803 Seconds
[36mINFO[0m[0137] Taking snapshot of full filesystem...        
[36mINFO[0m[0137] Adding whiteout for /tmp/VBCSCompiler/AnalyzerAssemblyLoader/30bee7f036804dc5b853d123b66f17b2 
[36mINFO[0m[0137] Adding whiteout for /tmp/.dotnet/shm/session1/30bee7f036804dc5b853d123b66f17b2 
[36mINFO[0m[0149] ignoring socket CoreFxPipe_root.F.mBSPmB68F+, not adding to tar 
[36mINFO[0m[0149] Pushing layer 10.111.50.107:5000/todo/cache:875c94150cb885f78573b51194549b36ca0766cc5df2eef364a9a03f4d271ed2 to cache now 
2020/05/05 19:22:14 pushed blob: sha256:ace8fb66253037a5b2eab072ddd311ba6cd6bf8ab5bd32a656b1bc013fbd6979
2020/05/05 19:22:14 pushed blob: sha256:4b71337467fe61a8629914180052a8235eefdbdbe5e1c6290e89b0be6d28ab09
2020/05/05 19:22:14 10.111.50.107:5000/todo/cache:875c94150cb885f78573b51194549b36ca0766cc5df2eef364a9a03f4d271ed2: digest: sha256:9bcb8231682c016e7337f34408750694236150ba2f99436978c34aec6336d16e size: 427
[36mINFO[0m[0149] Storing source image from stage 0 at path /kaniko/stages/0 
[36mINFO[0m[0197] Deleting filesystem...                       
[36mINFO[0m[0199] Downloading base image mcr.microsoft.com/dotnet/core/aspnet:2.2 
2020/05/05 19:23:04 No matching credentials were found, falling back on anonymous
[36mINFO[0m[0199] Error while retrieving image from cache: getting file info: stat /workspace/sha256:ae9a94a778b4c4656f036e1dd858d6c972f6ad4423bdf9c5022e16f28fee5cf9: no such file or directory 
[36mINFO[0m[0199] Downloading base image mcr.microsoft.com/dotnet/core/aspnet:2.2 
2020/05/05 19:23:04 No matching credentials were found, falling back on anonymous
[36mINFO[0m[0199] Skipping unpacking as no commands require it. 
[36mINFO[0m[0199] Taking snapshot of full filesystem...        
[36mINFO[0m[0200] COPY --from=builder /app .                   
[36mINFO[0m[0200] Taking snapshot of files...                  
[36mINFO[0m[0200] ENTRYPOINT ["dotnet", "aspnetapp.dll"]       
[36mINFO[0m[0200] No files changed in this command, skipping snapshotting. 
2020/05/05 19:23:04 existing blob: sha256:970251047358aea56ba6db6975b14ff12470b75de0c2477f4445240ddd727fd4
2020/05/05 19:23:04 existing blob: sha256:804555ee037604c40de144f9f8da0d826d38db82f15d74cded32790fe279a8f6
2020/05/05 19:23:04 existing blob: sha256:bd391c46585f9f8d84992bbaa9087189148c1601968eaaf097d5b3ed60840e5e
2020/05/05 19:23:04 existing blob: sha256:f3d4c41a4fd13f35c0b46f19a4e27845f4695163cc7174d908ff84836bbc2f5a
2020/05/05 19:23:05 pushed blob: sha256:f121b3c67d0335c691b817beba0753235676bff4104268d30f3c62ecf517948a
2020/05/05 19:23:05 pushed blob: sha256:f0becafae88371050153b9bc8da98d817a67900ece96fb1b88b90fe4cd6d9d15
2020/05/05 19:23:05 10.111.50.107:5000/vpsgetcom/aspnet-app:0.0.20: digest: sha256:b4b54bc3f9c8b40c32d318dfb0c13b333104ddcf2c14499b9afdf0cd80aefbd0 size: 1086

Showing logs for build [32mvpsgetcom-aspnet-app-master-vd8hk-7[0m stage [32mfrom-build-pack[0m and container [32mstep-build-post-build[0m
no CVE provider running in the current ** namespace so skip adding image to be analysed

Showing logs for build [32mvpsgetcom-aspnet-app-master-vd8hk-7[0m stage [32mfrom-build-pack[0m and container [32mstep-promote-changelog[0m
Converted /workspace/source/charts/aspnet-app to an unshallow repository
Generating change log from git ref 1407bf2a3f90cd72865a5b73a58459b6318a5cc8 => 02cc01fb916427ce3ecd12d767f68227aac7d33f
WARNING: No release found for vpsgetcom/aspnet-app and tag v0.0.20 so creating a new release
Updated the release information at https://github.com/vpsgetcom/aspnet-app/releases/tag/v0.0.20
generated: /workspace/source/charts/aspnet-app/templates/release.yaml
Created Release aspnet-app-0-0-20 resource in namespace **
Updating PipelineActivity vpsgetcom-aspnet-app-master-7 with version 0.0.20
Updated PipelineActivities vpsgetcom-aspnet-app-master-7 with release notes URL: https://github.com/vpsgetcom/aspnet-app/releases/tag/v0.0.20

Showing logs for build [32mvpsgetcom-aspnet-app-master-vd8hk-7[0m stage [32mfrom-build-pack[0m and container [32mstep-promote-helm-release[0m
Adding missing Helm repo: storage.googleapis.com https://storage.googleapis.com/chartmuseum.jenkins-x.io
Successfully added Helm repository storage.googleapis.com.
Adding missing Helm repo: chartmuseum.**.138.201.58.182.nip.io http://chartmuseum.**.138.201.58.182.nip.io
Successfully added Helm repository chartmuseum.**.138.201.58.182.nip.io.
Uploading chart file aspnet-app-0.0.20.tgz to http://chartmuseum.**.138.201.58.182.nip.io/api/charts
error: Failed to post chart to http://chartmuseum.**.138.201.58.182.nip.io/api/charts due to response 401: {"error":"unauthorized"}
Received 401 response: {"error":"unauthorized"}
[31m
Pipeline failed on stage 'from-build-pack' : container 'step-promote-helm-release'. The execution of the pipeline has stopped.[0m
